<?xml version="1.0" encoding="UTF-8"?>
<robot generator="Robot 7.0.1 (Python 3.12.5 on win32)" generated="2026-04-15T16:51:07.939594" rpa="false" schemaversion="5">
<suite id="s1" name="SauceDemoRobot" source="C:\Users\Ageng Rock n Roll\SauceDemoRobot">
<suite id="s1-s1" name="Tests" source="C:\Users\Ageng Rock n Roll\SauceDemoRobot\tests">
<suite id="s1-s1-s1" name="Checkout" source="C:\Users\Ageng Rock n Roll\SauceDemoRobot\tests\checkout.robot">
<test id="s1-s1-s1-t1" name="user checkout sampai berhasil" line="16">
<kw name="Open Chrome Browser" owner="browser">
<kw name="Evaluate" owner="BuiltIn">
<msg time="2026-04-15T16:51:08.480026" level="INFO">${chrome_options} = &lt;selenium.webdriver.chrome.options.Options object at 0x000001274019CAA0&gt;</msg>
<var>${chrome_options}</var>
<arg>sys.modules['selenium.webdriver'].ChromeOptions()</arg>
<arg>sys, selenium.webdriver</arg>
<doc>Evaluates the given expression in Python and returns the result.</doc>
<status status="PASS" start="2026-04-15T16:51:08.480026" elapsed="0.000000"/>
</kw>
<kw name="Set Variable" owner="BuiltIn">
<msg time="2026-04-15T16:51:08.488611" level="INFO">${headless} = --headless</msg>
<var>${headless}</var>
<arg>--headless</arg>
<doc>Returns the given values which can then be assigned to a variables.</doc>
<status status="PASS" start="2026-04-15T16:51:08.480026" elapsed="0.009140"/>
</kw>
<kw name="Set Variable" owner="BuiltIn">
<msg time="2026-04-15T16:51:08.490303" level="INFO">${no_sandbox} = --no-sandbox</msg>
<var>${no_sandbox}</var>
<arg>--no-sandbox</arg>
<doc>Returns the given values which can then be assigned to a variables.</doc>
<status status="PASS" start="2026-04-15T16:51:08.489736" elapsed="0.000567"/>
</kw>
<kw name="Set Variable" owner="BuiltIn">
<msg time="2026-04-15T16:51:08.491438" level="INFO">${disable_dev_shm} = --disable-dev-shm-usage</msg>
<var>${disable_dev_shm}</var>
<arg>--disable-dev-shm-usage</arg>
<doc>Returns the given values which can then be assigned to a variables.</doc>
<status status="PASS" start="2026-04-15T16:51:08.490888" elapsed="0.001088"/>
</kw>
<kw name="Set Variable" owner="BuiltIn">
<msg time="2026-04-15T16:51:08.493119" level="INFO">${window_size} = --window-size=1920,1080</msg>
<var>${window_size}</var>
<arg>--window-size=1920,1080</arg>
<doc>Returns the given values which can then be assigned to a variables.</doc>
<status status="PASS" start="2026-04-15T16:51:08.492559" elapsed="0.001131"/>
</kw>
<kw name="Set Variable" owner="BuiltIn">
<msg time="2026-04-15T16:51:08.494828" level="INFO">${incognito} = --incognito</msg>
<var>${incognito}</var>
<arg>--incognito</arg>
<doc>Returns the given values which can then be assigned to a variables.</doc>
<status status="PASS" start="2026-04-15T16:51:08.494249" elapsed="0.001244"/>
</kw>
<kw name="Set Variable" owner="BuiltIn">
<msg time="2026-04-15T16:51:08.496584" level="INFO">${disable_notifications} = --disable-notifications</msg>
<var>${disable_notifications}</var>
<arg>--disable-notifications</arg>
<doc>Returns the given values which can then be assigned to a variables.</doc>
<status status="PASS" start="2026-04-15T16:51:08.496035" elapsed="0.001087"/>
</kw>
<kw name="Call Method" owner="BuiltIn">
<arg>${chrome_options}</arg>
<arg>add_argument</arg>
<arg>${headless}</arg>
<doc>Calls the named method of the given object with the provided arguments.</doc>
<status status="PASS" start="2026-04-15T16:51:08.497734" elapsed="0.000583"/>
</kw>
<kw name="Call Method" owner="BuiltIn">
<arg>${chrome_options}</arg>
<arg>add_argument</arg>
<arg>${no_sandbox}</arg>
<doc>Calls the named method of the given object with the provided arguments.</doc>
<status status="PASS" start="2026-04-15T16:51:08.498860" elapsed="0.000554"/>
</kw>
<kw name="Call Method" owner="BuiltIn">
<arg>${chrome_options}</arg>
<arg>add_argument</arg>
<arg>${disable_dev_shm}</arg>
<doc>Calls the named method of the given object with the provided arguments.</doc>
<status status="PASS" start="2026-04-15T16:51:08.499961" elapsed="0.000521"/>
</kw>
<kw name="Call Method" owner="BuiltIn">
<arg>${chrome_options}</arg>
<arg>add_argument</arg>
<arg>${window_size}</arg>
<doc>Calls the named method of the given object with the provided arguments.</doc>
<status status="PASS" start="2026-04-15T16:51:08.500482" elapsed="0.001091"/>
</kw>
<kw name="Call Method" owner="BuiltIn">
<arg>${chrome_options}</arg>
<arg>add_argument</arg>
<arg>${incognito}</arg>
<doc>Calls the named method of the given object with the provided arguments.</doc>
<status status="PASS" start="2026-04-15T16:51:08.501573" elapsed="0.000548"/>
</kw>
<kw name="Call Method" owner="BuiltIn">
<arg>${chrome_options}</arg>
<arg>add_argument</arg>
<arg>${disable_notifications}</arg>
<doc>Calls the named method of the given object with the provided arguments.</doc>
<status status="PASS" start="2026-04-15T16:51:08.502753" elapsed="0.000567"/>
</kw>
<kw name="Create Dictionary" owner="BuiltIn">
<msg time="2026-04-15T16:51:08.504409" level="INFO">${prefs} = {'credentials_enable_service': False, 'profile.password_manager_enabled': False}</msg>
<var>${prefs}</var>
<arg>credentials_enable_service=${False}</arg>
<arg>profile.password_manager_enabled=${False}</arg>
<doc>Creates and returns a dictionary based on the given ``items``.</doc>
<status status="PASS" start="2026-04-15T16:51:08.503320" elapsed="0.001607"/>
</kw>
<kw name="Call Method" owner="BuiltIn">
<arg>${chrome_options}</arg>
<arg>add_experimental_option</arg>
<arg>prefs</arg>
<arg>${prefs}</arg>
<doc>Calls the named method of the given object with the provided arguments.</doc>
<status status="PASS" start="2026-04-15T16:51:08.505448" elapsed="0.000554"/>
</kw>
<kw name="Open Browser" owner="SeleniumLibrary">
<msg time="2026-04-15T16:51:08.507983" level="INFO">Opening browser 'chrome' to base url 'https://www.saucedemo.com'.</msg>
<arg>https://www.saucedemo.com</arg>
<arg>chrome</arg>
<arg>options=${chrome_options}</arg>
<doc>Opens a new browser instance to the optional ``url``.</doc>
<status status="PASS" start="2026-04-15T16:51:08.506675" elapsed="7.771609"/>
</kw>
<status status="PASS" start="2026-04-15T16:51:08.480026" elapsed="7.798258"/>
</kw>
<kw name="login dengan credential" owner="login.page">
<kw name="Input Text" owner="SeleniumLibrary">
<msg time="2026-04-15T16:51:16.282007" level="INFO">Typing text 'standard_user' into text field 'id=user-name'.</msg>
<arg>${field-username}</arg>
<arg>${username}</arg>
<doc>Types the given ``text`` into the text field identified by ``locator``.</doc>
<status status="PASS" start="2026-04-15T16:51:16.279832" elapsed="0.205776"/>
</kw>
<kw name="Input Password" owner="SeleniumLibrary">
<msg time="2026-04-15T16:51:16.488533" level="INFO">Typing password into text field 'id=password'.</msg>
<msg time="2026-04-15T16:51:16.563077" level="INFO">Temporally setting log level to: NONE</msg>
<arg>${field-password}</arg>
<arg>${password}</arg>
<doc>Types the given password into the text field identified by ``locator``.</doc>
<status status="PASS" start="2026-04-15T16:51:16.488533" elapsed="0.164104"/>
</kw>
<kw name="Click Button" owner="SeleniumLibrary">
<msg time="2026-04-15T16:51:16.652637" level="INFO">Clicking button 'id=login-button'.</msg>
<arg>${btn-login}</arg>
<doc>Clicks the button identified by ``locator``.</doc>
<status status="PASS" start="2026-04-15T16:51:16.652637" elapsed="0.197243"/>
</kw>
<arg>${valid-username}</arg>
<arg>${valid-password}</arg>
<status status="PASS" start="2026-04-15T16:51:16.279832" elapsed="0.573219"/>
</kw>
<kw name="add product" owner="checkout.page">
<kw name="Wait Until Element Is Visible" owner="SeleniumLibrary">
<arg>${add-saucelabsbackpack}</arg>
<arg>10s</arg>
<doc>Waits until the element ``locator`` is visible.</doc>
<status status="PASS" start="2026-04-15T16:51:16.853051" elapsed="0.053261"/>
</kw>
<kw name="Click Element" owner="SeleniumLibrary">
<msg time="2026-04-15T16:51:16.906312" level="INFO">Clicking element 'id=add-to-cart-sauce-labs-backpack'.</msg>
<arg>${add-saucelabsbackpack}</arg>
<doc>Click the element identified by ``locator``.</doc>
<status status="PASS" start="2026-04-15T16:51:16.906312" elapsed="0.121392"/>
</kw>
<kw name="Wait Until Element Is Visible" owner="SeleniumLibrary">
<arg>css=.shopping_cart_badge</arg>
<arg>10s</arg>
<doc>Waits until the element ``locator`` is visible.</doc>
<status status="PASS" start="2026-04-15T16:51:17.028803" elapsed="0.033985"/>
</kw>
<kw name="Click Element" owner="SeleniumLibrary">
<msg time="2026-04-15T16:51:17.062788" level="INFO">Clicking element 'class=shopping_cart_link'.</msg>
<arg>${cart-icon}</arg>
<doc>Click the element identified by ``locator``.</doc>
<status status="PASS" start="2026-04-15T16:51:17.062788" elapsed="0.126089"/>
</kw>
<kw name="Wait Until Element Is Visible" owner="SeleniumLibrary">
<arg>${btn-checkout}</arg>
<arg>10s</arg>
<doc>Waits until the element ``locator`` is visible.</doc>
<status status="PASS" start="2026-04-15T16:51:17.192279" elapsed="0.028286"/>
</kw>
<kw name="Click Button" owner="SeleniumLibrary">
<msg time="2026-04-15T16:51:17.225306" level="INFO">Clicking button 'id=checkout'.</msg>
<arg>${btn-checkout}</arg>
<doc>Clicks the button identified by ``locator``.</doc>
<status status="PASS" start="2026-04-15T16:51:17.220565" elapsed="0.151529"/>
</kw>
<status status="PASS" start="2026-04-15T16:51:16.853051" elapsed="0.519043"/>
</kw>
<kw name="fill checkout information" owner="checkout.page">
<kw name="Sleep" owner="BuiltIn">
<msg time="2026-04-15T16:51:27.373792" level="INFO">Slept 10 seconds.</msg>
<arg>10s</arg>
<doc>Pauses the test executed for the given time.</doc>
<status status="PASS" start="2026-04-15T16:51:17.373596" elapsed="10.000196"/>
</kw>
<kw name="Wait Until Element Is Visible" owner="SeleniumLibrary">
<arg>${field-first_name}</arg>
<arg>100s</arg>
<doc>Waits until the element ``locator`` is visible.</doc>
<status status="PASS" start="2026-04-15T16:51:27.375806" elapsed="0.054582"/>
</kw>
<kw name="Input Text" owner="SeleniumLibrary">
<msg time="2026-04-15T16:51:27.432322" level="INFO">Typing text 'ageng' into text field 'id=first-name'.</msg>
<arg>${field-first_name}</arg>
<arg>${fname}</arg>
<doc>Types the given ``text`` into the text field identified by ``locator``.</doc>
<status status="PASS" start="2026-04-15T16:51:27.430388" elapsed="0.199215"/>
</kw>
<kw name="Input Text" owner="SeleniumLibrary">
<msg time="2026-04-15T16:51:27.631617" level="INFO">Typing text 'cobain' into text field 'id=last-name'.</msg>
<arg>${field-last_name}</arg>
<arg>${lname}</arg>
<doc>Types the given ``text`` into the text field identified by ``locator``.</doc>
<status status="PASS" start="2026-04-15T16:51:27.629603" elapsed="0.151971"/>
</kw>
<kw name="Input Text" owner="SeleniumLibrary">
<msg time="2026-04-15T16:51:27.783591" level="INFO">Typing text '2323' into text field 'id=postal-code'.</msg>
<arg>${field-zip}</arg>
<arg>${zip}</arg>
<doc>Types the given ``text`` into the text field identified by ``locator``.</doc>
<status status="PASS" start="2026-04-15T16:51:27.781574" elapsed="0.171962"/>
</kw>
<kw name="Click Button" owner="SeleniumLibrary">
<msg time="2026-04-15T16:51:27.953536" level="INFO">Clicking button 'id=continue'.</msg>
<arg>${btn-continue}</arg>
<doc>Clicks the button identified by ``locator``.</doc>
<status status="PASS" start="2026-04-15T16:51:27.953536" elapsed="0.161275"/>
</kw>
<arg>ageng</arg>
<arg>cobain</arg>
<arg>2323</arg>
<status status="PASS" start="2026-04-15T16:51:17.373596" elapsed="10.741215"/>
</kw>
<kw name="Checkout" owner="checkout.page">
<kw name="Sleep" owner="BuiltIn">
<msg time="2026-04-15T16:51:30.118420" level="INFO">Slept 2 seconds.</msg>
<arg>2</arg>
<doc>Pauses the test executed for the given time.</doc>
<status status="PASS" start="2026-04-15T16:51:28.118035" elapsed="2.000385"/>
</kw>
<kw name="Wait Until Page Contains" owner="SeleniumLibrary">
<arg>Checkout: Overview</arg>
<doc>Waits until ``text`` appears on the current page.</doc>
<status status="PASS" start="2026-04-15T16:51:30.118420" elapsed="0.013816"/>
</kw>
<kw name="Wait Until Element Is Enabled" owner="SeleniumLibrary">
<arg>${btn-finish}</arg>
<doc>Waits until the element ``locator`` is enabled.</doc>
<status status="PASS" start="2026-04-15T16:51:30.132236" elapsed="0.049185"/>
</kw>
<kw name="Click Element" owner="SeleniumLibrary">
<msg time="2026-04-15T16:51:30.183909" level="INFO">Clicking element 'id=finish'.</msg>
<arg>${btn-finish}</arg>
<doc>Click the element identified by ``locator``.</doc>
<status status="PASS" start="2026-04-15T16:51:30.181421" elapsed="0.119039"/>
</kw>
<status status="PASS" start="2026-04-15T16:51:28.114811" elapsed="2.185649"/>
</kw>
<kw name="Close Browser" owner="SeleniumLibrary" type="TEARDOWN">
<doc>Closes the current browser.</doc>
<status status="PASS" start="2026-04-15T16:51:30.300460" elapsed="3.952348"/>
</kw>
<status status="PASS" start="2026-04-15T16:51:08.471239" elapsed="25.781569"/>
</test>
<status status="PASS" start="2026-04-15T16:51:08.018908" elapsed="26.245344"/>
</suite>
<status status="PASS" start="2026-04-15T16:51:08.011275" elapsed="26.260007"/>
</suite>
<status status="PASS" start="2026-04-15T16:51:07.951961" elapsed="26.325439"/>
</suite>
<statistics>
<total>
<stat pass="1" fail="0" skip="0">All Tests</stat>
</total>
<tag>
</tag>
<suite>
<stat pass="1" fail="0" skip="0" id="s1" name="SauceDemoRobot">SauceDemoRobot</stat>
<stat pass="1" fail="0" skip="0" id="s1-s1" name="Tests">SauceDemoRobot.Tests</stat>
<stat pass="1" fail="0" skip="0" id="s1-s1-s1" name="Checkout">SauceDemoRobot.Tests.Checkout</stat>
</suite>
</statistics>
<errors>
</errors>
</robot>
